<?xml version="1.0" encoding="UTF-8"?>
<testsuite xmlns:xsi="http://www.w3.org/2001/XMLSchema-instance" xsi:noNamespaceSchemaLocation="https://maven.apache.org/surefire/maven-surefire-plugin/xsd/surefire-test-report.xsd" name="numbers.RationalDiffblueTest" time="0.063" tests="30" errors="27" skipped="0" failures="0">
  <properties>
[...]
</properties>
  <testcase name="testGettersAndSetters" classname="numbers.RationalDiffblueTest" time="0.018"/>
  <testcase name="testEquals2" classname="numbers.RationalDiffblueTest" time="0.011">
    <error message="Cannot invoke &quot;numbers.Rational.equals(Object)&quot; because &quot;rational&quot; is null" type="java.lang.NullPointerException">java.lang.NullPointerException: Cannot invoke "numbers.Rational.equals(Object)" because "rational" is null
	at numbers.RationalDiffblueTest.testEquals2(RationalDiffblueTest.java:253)
</error>
  </testcase>
  <testcase name="testEquals3" classname="numbers.RationalDiffblueTest" time="0">
    <error message="Cannot invoke &quot;numbers.Rational.equals(Object)&quot; because &quot;rational&quot; is null" type="java.lang.NullPointerException">java.lang.NullPointerException: Cannot invoke "numbers.Rational.equals(Object)" because "rational" is null
	at numbers.RationalDiffblueTest.testEquals3(RationalDiffblueTest.java:271)
</error>
  </testcase>
  <testcase name="testFloatValue" classname="numbers.RationalDiffblueTest" time="0.001">
    <error message="Cannot invoke &quot;numbers.Rational.floatValue()&quot; because &quot;rational&quot; is null" type="java.lang.NullPointerException">java.lang.NullPointerException: Cannot invoke "numbers.Rational.floatValue()" because "rational" is null
	at numbers.RationalDiffblueTest.testFloatValue(RationalDiffblueTest.java:68)
</error>
  </testcase>
  <testcase name="testRaisedToThePowerOf" classname="numbers.RationalDiffblueTest" time="0.001">
    <error message="Cannot invoke &quot;numbers.Rational.raisedToThePowerOf(int)&quot; because &quot;rational&quot; is null" type="java.lang.NullPointerException">java.lang.NullPointerException: Cannot invoke "numbers.Rational.raisedToThePowerOf(int)" because "rational" is null
	at numbers.RationalDiffblueTest.testRaisedToThePowerOf(RationalDiffblueTest.java:218)
</error>
  </testcase>
  <testcase name="testLessThan" classname="numbers.RationalDiffblueTest" time="0.001">
    <error message="Cannot invoke &quot;numbers.Rational.lessThan(java.lang.Number)&quot; because &quot;rational&quot; is null" type="java.lang.NullPointerException">java.lang.NullPointerException: Cannot invoke "numbers.Rational.lessThan(java.lang.Number)" because "rational" is null
	at numbers.RationalDiffblueTest.testLessThan(RationalDiffblueTest.java:362)
</error>
  </testcase>
  <testcase name="testGcd" classname="numbers.RationalDiffblueTest" time="0"/>
  <testcase name="testIsOne" classname="numbers.RationalDiffblueTest" time="0.001">
    <error message="Cannot invoke &quot;numbers.Rational.isOne()&quot; because &quot;rational&quot; is null" type="java.lang.NullPointerException">java.lang.NullPointerException: Cannot invoke "numbers.Rational.isOne()" because "rational" is null
	at numbers.RationalDiffblueTest.testIsOne(RationalDiffblueTest.java:411)
</error>
  </testcase>
  <testcase name="testMinus" classname="numbers.RationalDiffblueTest" time="0">
    <error message="Cannot invoke &quot;numbers.Rational.minus(numbers.Rational)&quot; because &quot;rational&quot; is null" type="java.lang.NullPointerException">java.lang.NullPointerException: Cannot invoke "numbers.Rational.minus(numbers.Rational)" because "rational" is null
	at numbers.RationalDiffblueTest.testMinus(RationalDiffblueTest.java:167)
</error>
  </testcase>
  <testcase name="testTimes" classname="numbers.RationalDiffblueTest" time="0">
    <error message="Cannot invoke &quot;numbers.Rational.times(numbers.Rational)&quot; because &quot;rational&quot; is null" type="java.lang.NullPointerException">java.lang.NullPointerException: Cannot invoke "numbers.Rational.times(numbers.Rational)" because "rational" is null
	at numbers.RationalDiffblueTest.testTimes(RationalDiffblueTest.java:184)
</error>
  </testcase>
  <testcase name="testPlus" classname="numbers.RationalDiffblueTest" time="0.001">
    <error message="Cannot invoke &quot;numbers.Rational.plus(numbers.Rational)&quot; because &quot;rational&quot; is null" type="java.lang.NullPointerException">java.lang.NullPointerException: Cannot invoke "numbers.Rational.plus(numbers.Rational)" because "rational" is null
	at numbers.RationalDiffblueTest.testPlus(RationalDiffblueTest.java:150)
</error>
  </testcase>
  <testcase name="testToString" classname="numbers.RationalDiffblueTest" time="0">
    <error message="Cannot invoke &quot;numbers.Rational.toString()&quot; because &quot;rational&quot; is null" type="java.lang.NullPointerException">java.lang.NullPointerException: Cannot invoke "numbers.Rational.toString()" because "rational" is null
	at numbers.RationalDiffblueTest.testToString(RationalDiffblueTest.java:443)
</error>
  </testcase>
  <testcase name="testReciprocal" classname="numbers.RationalDiffblueTest" time="0">
    <error message="Cannot invoke &quot;numbers.Rational.reciprocal()&quot; because &quot;rational&quot; is null" type="java.lang.NullPointerException">java.lang.NullPointerException: Cannot invoke "numbers.Rational.reciprocal()" because "rational" is null
	at numbers.RationalDiffblueTest.testReciprocal(RationalDiffblueTest.java:133)
</error>
  </testcase>
  <testcase name="testDividedBy" classname="numbers.RationalDiffblueTest" time="0.001">
    <error message="Cannot invoke &quot;numbers.Rational.dividedBy(numbers.Rational)&quot; because &quot;rational&quot; is null" type="java.lang.NullPointerException">java.lang.NullPointerException: Cannot invoke "numbers.Rational.dividedBy(numbers.Rational)" because "rational" is null
	at numbers.RationalDiffblueTest.testDividedBy(RationalDiffblueTest.java:201)
</error>
  </testcase>
  <testcase name="testCompareTo" classname="numbers.RationalDiffblueTest" time="0">
    <error message="Cannot invoke &quot;numbers.Rational.compareTo(java.lang.Number)&quot; because &quot;rational&quot; is null" type="java.lang.NullPointerException">java.lang.NullPointerException: Cannot invoke "numbers.Rational.compareTo(java.lang.Number)" because "rational" is null
	at numbers.RationalDiffblueTest.testCompareTo(RationalDiffblueTest.java:101)
</error>
  </testcase>
  <testcase name="testGreaterThan2" classname="numbers.RationalDiffblueTest" time="0">
    <error message="Cannot invoke &quot;numbers.Rational.greaterThan(numbers.Rational)&quot; because &quot;rational&quot; is null" type="java.lang.NullPointerException">java.lang.NullPointerException: Cannot invoke "numbers.Rational.greaterThan(numbers.Rational)" because "rational" is null
	at numbers.RationalDiffblueTest.testGreaterThan2(RationalDiffblueTest.java:345)
</error>
  </testcase>
  <testcase name="testGreaterThan" classname="numbers.RationalDiffblueTest" time="0.001">
    <error message="Cannot invoke &quot;numbers.Rational.greaterThan(java.lang.Number)&quot; because &quot;rational&quot; is null" type="java.lang.NullPointerException">java.lang.NullPointerException: Cannot invoke "numbers.Rational.greaterThan(java.lang.Number)" because "rational" is null
	at numbers.RationalDiffblueTest.testGreaterThan(RationalDiffblueTest.java:328)
</error>
  </testcase>
  <testcase name="testOpposite" classname="numbers.RationalDiffblueTest" time="0">
    <error message="Cannot invoke &quot;numbers.Rational.opposite()&quot; because &quot;rational&quot; is null" type="java.lang.NullPointerException">java.lang.NullPointerException: Cannot invoke "numbers.Rational.opposite()" because "rational" is null
	at numbers.RationalDiffblueTest.testOpposite(RationalDiffblueTest.java:117)
</error>
  </testcase>
  <testcase name="testLongValue" classname="numbers.RationalDiffblueTest" time="0.001">
    <error message="Cannot invoke &quot;numbers.Rational.longValue()&quot; because &quot;rational&quot; is null" type="java.lang.NullPointerException">java.lang.NullPointerException: Cannot invoke "numbers.Rational.longValue()" because "rational" is null
	at numbers.RationalDiffblueTest.testLongValue(RationalDiffblueTest.java:52)
</error>
  </testcase>
  <testcase name="testEqualsAndHashCode2" classname="numbers.RationalDiffblueTest" time="0">
    <error message="Cannot invoke &quot;numbers.Rational.equals(Object)&quot; because &quot;rational&quot; is null" type="java.lang.NullPointerException">java.lang.NullPointerException: Cannot invoke "numbers.Rational.equals(Object)" because "rational" is null
	at numbers.RationalDiffblueTest.testEqualsAndHashCode2(RationalDiffblueTest.java:308)
</error>
  </testcase>
  <testcase name="testNewRational" classname="numbers.RationalDiffblueTest" time="0.001">
    <error message="Denominator cannot be zero." type="java.lang.IllegalArgumentException">java.lang.IllegalArgumentException: Denominator cannot be zero.
	at numbers.RationalDiffblueTest.testNewRational(RationalDiffblueTest.java:505)
</error>
  </testcase>
  <testcase name="testLessThan2" classname="numbers.RationalDiffblueTest" time="0">
    <error message="Cannot invoke &quot;numbers.Rational.lessThan(numbers.Rational)&quot; because &quot;rational&quot; is null" type="java.lang.NullPointerException">java.lang.NullPointerException: Cannot invoke "numbers.Rational.lessThan(numbers.Rational)" because "rational" is null
	at numbers.RationalDiffblueTest.testLessThan2(RationalDiffblueTest.java:379)
</error>
  </testcase>
  <testcase name="testGettersAndSetters2" classname="numbers.RationalDiffblueTest" time="0"/>
  <testcase name="testIntValue" classname="numbers.RationalDiffblueTest" time="0">
    <error message="Cannot invoke &quot;numbers.Rational.intValue()&quot; because &quot;rational&quot; is null" type="java.lang.NullPointerException">java.lang.NullPointerException: Cannot invoke "numbers.Rational.intValue()" because "rational" is null
	at numbers.RationalDiffblueTest.testIntValue(RationalDiffblueTest.java:36)
</error>
  </testcase>
  <testcase name="testEquals" classname="numbers.RationalDiffblueTest" time="0.001">
    <error message="Cannot invoke &quot;numbers.Rational.equals(Object)&quot; because &quot;rational&quot; is null" type="java.lang.NullPointerException">java.lang.NullPointerException: Cannot invoke "numbers.Rational.equals(Object)" because "rational" is null
	at numbers.RationalDiffblueTest.testEquals(RationalDiffblueTest.java:235)
</error>
  </testcase>
  <testcase name="testEqualsAndHashCode" classname="numbers.RationalDiffblueTest" time="0">
    <error message="Cannot invoke &quot;numbers.Rational.equals(Object)&quot; because &quot;rational&quot; is null" type="java.lang.NullPointerException">java.lang.NullPointerException: Cannot invoke "numbers.Rational.equals(Object)" because "rational" is null
	at numbers.RationalDiffblueTest.testEqualsAndHashCode(RationalDiffblueTest.java:288)
</error>
  </testcase>
  <testcase name="testIsZero" classname="numbers.RationalDiffblueTest" time="0.001">
    <error message="Cannot invoke &quot;numbers.Rational.isZero()&quot; because &quot;rational&quot; is null" type="java.lang.NullPointerException">java.lang.NullPointerException: Cannot invoke "numbers.Rational.isZero()" because "rational" is null
	at numbers.RationalDiffblueTest.testIsZero(RationalDiffblueTest.java:395)
</error>
  </testcase>
  <testcase name="testIsMinusOne" classname="numbers.RationalDiffblueTest" time="0.001">
    <error message="Cannot invoke &quot;numbers.Rational.isMinusOne()&quot; because &quot;rational&quot; is null" type="java.lang.NullPointerException">java.lang.NullPointerException: Cannot invoke "numbers.Rational.isMinusOne()" because "rational" is null
	at numbers.RationalDiffblueTest.testIsMinusOne(RationalDiffblueTest.java:427)
</error>
  </testcase>
  <testcase name="testNewRational2" classname="numbers.RationalDiffblueTest" time="0.001">
    <error message="Rational object cannot be null." type="java.lang.NullPointerException">java.lang.NullPointerException: Rational object cannot be null.
	at numbers.RationalDiffblueTest.testNewRational2(RationalDiffblueTest.java:521)
</error>
  </testcase>
  <testcase name="testDoubleValue" classname="numbers.RationalDiffblueTest" time="0">
    <error message="Cannot invoke &quot;numbers.Rational.doubleValue()&quot; because &quot;rational&quot; is null" type="java.lang.NullPointerException">java.lang.NullPointerException: Cannot invoke "numbers.Rational.doubleValue()" because "rational" is null
	at numbers.RationalDiffblueTest.testDoubleValue(RationalDiffblueTest.java:84)
</error>
  </testcase>
</testsuite>