<?xml version="1.0" encoding="UTF-8"?>
<testsuite xmlns:xsi="http://www.w3.org/2001/XMLSchema-instance" xsi:noNamespaceSchemaLocation="https://maven.apache.org/surefire/maven-surefire-plugin/xsd/surefire-test-report.xsd" name="numbers.RationalTest" time="0.115" tests="120" errors="0" skipped="0" failures="0">
  <properties>
[...]
</properties>
  <testcase name="doubleValueWithVeryLargeNumeratorAndDenominator" classname="numbers.RationalTest" time="0.031"/>
  <testcase name="numeratorLessThanDenominator" classname="numbers.RationalTest" time="0.006"/>
  <testcase name="isOneWithZeroValue" classname="numbers.RationalTest" time="0.001"/>
  <testcase name="compareToWithIntegerLess" classname="numbers.RationalTest" time="0.001"/>
  <testcase name="doubleValueWithNegativeWholeNumber" classname="numbers.RationalTest" time="0.001"/>
  <testcase name="compareToWithRationalEqual" classname="numbers.RationalTest" time="0"/>
  <testcase name="equalsReturnsTrueFloat" classname="numbers.RationalTest" time="0.002"/>
  <testcase name="reciprocalOfRational" classname="numbers.RationalTest" time="0"/>
  <testcase name="intValueWithLargeNumerator" classname="numbers.RationalTest" time="0"/>
  <testcase name="TwoParamTest" classname="numbers.RationalTest" time="0.001"/>
  <testcase name="raisingToLargePositivePower" classname="numbers.RationalTest" time="0.001"/>
  <testcase name="raisedToThePowerOfZero" classname="numbers.RationalTest" time="0.002"/>
  <testcase name="doubleValueWithWholeNumber" classname="numbers.RationalTest" time="0"/>
  <testcase name="toStringWithNegativeFraction" classname="numbers.RationalTest" time="0"/>
  <testcase name="greaterThanReturnsTrueWithFloat" classname="numbers.RationalTest" time="0.001"/>
  <testcase name="longValueWithWholeNumber" classname="numbers.RationalTest" time="0"/>
  <testcase name="greaterThanReturnsTrueWhenCurrentIsGreater" classname="numbers.RationalTest" time="0"/>
  <testcase name="raisingAnyRationalToZeroPower" classname="numbers.RationalTest" time="0.001"/>
  <testcase name="equalsReturnsFalseFloat" classname="numbers.RationalTest" time="0"/>
  <testcase name="isMinusOneWithCanonicalMinusOneValue" classname="numbers.RationalTest" time="0"/>
  <testcase name="lessThanWithZeroCurrentValue" classname="numbers.RationalTest" time="0"/>
  <testcase name="greaterThanWithZero" classname="numbers.RationalTest" time="0"/>
  <testcase name="greaterThanReturnsFalseWhenCurrentIsNotGreater" classname="numbers.RationalTest" time="0"/>
  <testcase name="greaterThanReturnsFalseForEqualValues" classname="numbers.RationalTest" time="0.003"/>
  <testcase name="doubleValueWithIrreducibleFraction" classname="numbers.RationalTest" time="0"/>
  <testcase name="longValueWithNegativeWholeNumber" classname="numbers.RationalTest" time="0"/>
  <testcase name="doubleValueWithNegativeFraction" classname="numbers.RationalTest" time="0"/>
  <testcase name="intValueWithFractionTruncatingTowardsZero" classname="numbers.RationalTest" time="0.001"/>
  <testcase name="numeratorGreaterThanDenominator" classname="numbers.RationalTest" time="0"/>
  <testcase name="compareToWithFloatEqual" classname="numbers.RationalTest" time="0"/>
  <testcase name="greaterThanWithNegativeNumber" classname="numbers.RationalTest" time="0"/>
  <testcase name="isMinusOneWithZeroValue" classname="numbers.RationalTest" time="0.001"/>
  <testcase name="subtractionResultingInSimplification" classname="numbers.RationalTest" time="0.002"/>
  <testcase name="raisingToLargeNegativePower" classname="numbers.RationalTest" time="0"/>
  <testcase name="negativeNumeratorShouldWorkCorrectly" classname="numbers.RationalTest" time="0.001"/>
  <testcase name="longValueWithNegativeFractionTruncatingTowardsZero" classname="numbers.RationalTest" time="0"/>
  <testcase name="doubleValueWithSmallFraction" classname="numbers.RationalTest" time="0.001"/>
  <testcase name="intValueWithNegativeWholeNumber" classname="numbers.RationalTest" time="0"/>
  <testcase name="oppositeReturnsAdditiveInverseTest" classname="numbers.RationalTest" time="0"/>
  <testcase name="intValueWithNegativeFractionTruncatingTowardsZero" classname="numbers.RationalTest" time="0"/>
  <testcase name="compareToWithIntegerGreater" classname="numbers.RationalTest" time="0"/>
  <testcase name="floatValueWithNegativeWholeNumber" classname="numbers.RationalTest" time="0"/>
  <testcase name="raisedToThePowerOfPositive" classname="numbers.RationalTest" time="0.001"/>
  <testcase name="longValueWithFractionTruncatingTowardsZero" classname="numbers.RationalTest" time="0"/>
  <testcase name="bothNegativeShouldBePositive" classname="numbers.RationalTest" time="0"/>
  <testcase name="divisionByNegativeRational" classname="numbers.RationalTest" time="0.001"/>
  <testcase name="floatValueWithSmallFraction" classname="numbers.RationalTest" time="0"/>
  <testcase name="floatValueWithNegativeFraction" classname="numbers.RationalTest" time="0"/>
  <testcase name="compareToWithRationalLess" classname="numbers.RationalTest" time="0.001"/>
  <testcase name="raisedToThePowerOfNegative" classname="numbers.RationalTest" time="0"/>
  <testcase name="equalsReturnsFalseDouble" classname="numbers.RationalTest" time="0"/>
  <testcase name="greaterThanReturnsFalseWithInteger" classname="numbers.RationalTest" time="0.001"/>
  <testcase name="toStringWithFraction" classname="numbers.RationalTest" time="0"/>
  <testcase name="copyConstructorTest" classname="numbers.RationalTest" time="0"/>
  <testcase name="shouldThrowExceptionForZeroDenominator" classname="numbers.RationalTest" time="0.001"/>
  <testcase name="addingZeroHasNoEffect" classname="numbers.RationalTest" time="0"/>
  <testcase name="greaterThanNumberWithDouble" classname="numbers.RationalTest" time="0"/>
  <testcase name="longValueWithLargeNumerator" classname="numbers.RationalTest" time="0"/>
  <testcase name="equalsReturnsTrueRational" classname="numbers.RationalTest" time="0"/>
  <testcase name="compareToWithLongLess" classname="numbers.RationalTest" time="0"/>
  <testcase name="timesShouldMultiplyRationalsCorrectly" classname="numbers.RationalTest" time="0.001"/>
  <testcase name="intValueWithSmallFraction" classname="numbers.RationalTest" time="0"/>
  <testcase name="doubleValueWithLargeFraction" classname="numbers.RationalTest" time="0"/>
  <testcase name="isMinusOneWithNonCanonicalMinusOneValue" classname="numbers.RationalTest" time="0.001"/>
  <testcase name="compareToWithLongGreater" classname="numbers.RationalTest" time="0"/>
  <testcase name="compareToWithRationalGreater" classname="numbers.RationalTest" time="0"/>
  <testcase name="isOneWithNonCanonicalOneValue" classname="numbers.RationalTest" time="0.001"/>
  <testcase name="doubleValueWithVerySmallFraction" classname="numbers.RationalTest" time="0"/>
  <testcase name="floatValueWithIrreducibleFraction" classname="numbers.RationalTest" time="0"/>
  <testcase name="isZeroWithPositiveNumerator" classname="numbers.RationalTest" time="0.001"/>
  <testcase name="equalsReturnFalseRational" classname="numbers.RationalTest" time="0"/>
  <testcase name="shouldCorrectlyConvertToDouble" classname="numbers.RationalTest" time="0"/>
  <testcase name="greaterThanReturnsFalseWithDouble" classname="numbers.RationalTest" time="0"/>
  <testcase name="addingOppositeNumbersShouldResultInZero" classname="numbers.RationalTest" time="0"/>
  <testcase name="doubleValueWithFraction" classname="numbers.RationalTest" time="0"/>
  <testcase name="floatValueWithWholeNumber" classname="numbers.RationalTest" time="0"/>
  <testcase name="floatValueWithLargeFraction" classname="numbers.RationalTest" time="0"/>
  <testcase name="compareToWithDoubleGreater" classname="numbers.RationalTest" time="0"/>
  <testcase name="isOneWithCanonicalOneValue" classname="numbers.RationalTest" time="0.001"/>
  <testcase name="addingNegativeRationals" classname="numbers.RationalTest" time="0"/>
  <testcase name="greaterThanNumberWithSmallerRational" classname="numbers.RationalTest" time="0.001"/>
  <testcase name="negativeDenominatorShouldWorkCorrectly" classname="numbers.RationalTest" time="0"/>
  <testcase name="lessThanWithBothValuesNegativeAndCurrentValueGreater" classname="numbers.RationalTest" time="0.001"/>
  <testcase name="greaterThanNumberWithInteger" classname="numbers.RationalTest" time="0"/>
  <testcase name="floatValueWithVeryLargeNumeratorAndDenominator" classname="numbers.RationalTest" time="0"/>
  <testcase name="greaterThanReturnsFalse" classname="numbers.RationalTest" time="0"/>
  <testcase name="lessThanWithCurrentValueLessThanR" classname="numbers.RationalTest" time="0"/>
  <testcase name="compareToWithDoubleLess" classname="numbers.RationalTest" time="0.001"/>
  <testcase name="oppositeOfNegativeRationalNumber" classname="numbers.RationalTest" time="0"/>
  <testcase name="intValueWithWholeNumber" classname="numbers.RationalTest" time="0"/>
  <testcase name="greaterThanReturnsFalseWithFloat" classname="numbers.RationalTest" time="0"/>
  <testcase name="divisionByZeroRational" classname="numbers.RationalTest" time="0"/>
  <testcase name="raisingNegativeRationalToPositivePower" classname="numbers.RationalTest" time="0"/>
  <testcase name="oppositeOfZero" classname="numbers.RationalTest" time="0"/>
  <testcase name="minusTest" classname="numbers.RationalTest" time="0"/>
  <testcase name="dividesByTest" classname="numbers.RationalTest" time="0"/>
  <testcase name="reciprocalThrowsException" classname="numbers.RationalTest" time="0.001"/>
  <testcase name="lessThanWithEqualValues" classname="numbers.RationalTest" time="0"/>
  <testcase name="isZeroWithZeroValue" classname="numbers.RationalTest" time="0.001"/>
  <testcase name="subtractingSameNumbersShouldResultInZero" classname="numbers.RationalTest" time="0.001"/>
  <testcase name="compareToAnotherNumber" classname="numbers.RationalTest" time="0"/>
  <testcase name="lessThanWithZeroComparedValue" classname="numbers.RationalTest" time="0.001"/>
  <testcase name="greaterThanNumberWithGreaterDouble" classname="numbers.RationalTest" time="0"/>
  <testcase name="defaultConstructorShouldCreateZero" classname="numbers.RationalTest" time="0"/>
  <testcase name="plusShouldSumRationalsCorrectly" classname="numbers.RationalTest" time="0"/>
  <testcase name="isZeroWithNegativeNumerator" classname="numbers.RationalTest" time="0.001"/>
  <testcase name="greaterThanReturnsTrue" classname="numbers.RationalTest" time="0"/>
  <testcase name="toStringWithWholeNumber" classname="numbers.RationalTest" time="0"/>
  <testcase name="greaterThanReturnsTrueWithDouble" classname="numbers.RationalTest" time="0.001"/>
  <testcase name="divisionOfTwoNegativeRationals" classname="numbers.RationalTest" time="0"/>
  <testcase name="greaterThanReturnsTrueWithInteger" classname="numbers.RationalTest" time="0"/>
  <testcase name="timesByOne" classname="numbers.RationalTest" time="0"/>
  <testcase name="floatValueWithFraction" classname="numbers.RationalTest" time="0"/>
  <testcase name="timesWithZero" classname="numbers.RationalTest" time="0.001"/>
  <testcase name="numeratorAsSingleParamTest" classname="numbers.RationalTest" time="0"/>
  <testcase name="lessThanWithCurrentValueGreaterThanR" classname="numbers.RationalTest" time="0"/>
  <testcase name="equalsReturnsTrueDouble" classname="numbers.RationalTest" time="0"/>
  <testcase name="resultSimplification" classname="numbers.RationalTest" time="0"/>
  <testcase name="numeratorEqualToDenominator" classname="numbers.RationalTest" time="0"/>
  <testcase name="reciprocalOfRationalNumberLessThanOne" classname="numbers.RationalTest" time="0.001"/>
</testsuite>