<?xml version="1.0" encoding="UTF-8"?>
<testsuite xmlns:xsi="http://www.w3.org/2001/XMLSchema-instance" xsi:noNamespaceSchemaLocation="https://maven.apache.org/surefire/maven-surefire-plugin/xsd/surefire-test-report.xsd" name="numbers.Rational2DiffblueTest" time="0.059" tests="29" errors="0" skipped="4" failures="0">
  <properties>
[...]
</properties>
  <testcase name="testGettersAndSetters" classname="numbers.Rational2DiffblueTest" time="0.023"/>
  <testcase name="testFloatValue" classname="numbers.Rational2DiffblueTest" time="0.002"/>
  <testcase name="testCompareTo2" classname="numbers.Rational2DiffblueTest" time="0">
    <skipped message="TODO: Complete this test"/>
  </testcase>
  <testcase name="testCompareTo3" classname="numbers.Rational2DiffblueTest" time="0"/>
  <testcase name="testGcd" classname="numbers.Rational2DiffblueTest" time="0"/>
  <testcase name="testIsOne" classname="numbers.Rational2DiffblueTest" time="0.002"/>
  <testcase name="testPlus2" classname="numbers.Rational2DiffblueTest" time="0">
    <skipped message="TODO: Complete this test"/>
  </testcase>
  <testcase name="testPlus3" classname="numbers.Rational2DiffblueTest" time="0.001"/>
  <testcase name="testTimes" classname="numbers.Rational2DiffblueTest" time="0"/>
  <testcase name="testPlus" classname="numbers.Rational2DiffblueTest" time="0"/>
  <testcase name="testToString" classname="numbers.Rational2DiffblueTest" time="0.001"/>
  <testcase name="testOpposite2" classname="numbers.Rational2DiffblueTest" time="0"/>
  <testcase name="testCompareTo" classname="numbers.Rational2DiffblueTest" time="0"/>
  <testcase name="testOpposite" classname="numbers.Rational2DiffblueTest" time="0.001"/>
  <testcase name="testNewRational22" classname="numbers.Rational2DiffblueTest" time="0"/>
  <testcase name="testNewRational23" classname="numbers.Rational2DiffblueTest" time="0.001"/>
  <testcase name="testNewRational24" classname="numbers.Rational2DiffblueTest" time="0"/>
  <testcase name="testNewRational25" classname="numbers.Rational2DiffblueTest" time="0.002"/>
  <testcase name="testNewRational26" classname="numbers.Rational2DiffblueTest" time="0"/>
  <testcase name="testNewRational27" classname="numbers.Rational2DiffblueTest" time="0"/>
  <testcase name="testNewRational28" classname="numbers.Rational2DiffblueTest" time="0">
    <skipped message="TODO: Complete this test"/>
  </testcase>
  <testcase name="testLongValue" classname="numbers.Rational2DiffblueTest" time="0"/>
  <testcase name="testGettersAndSetters2" classname="numbers.Rational2DiffblueTest" time="0"/>
  <testcase name="testIntValue" classname="numbers.Rational2DiffblueTest" time="0.001"/>
  <testcase name="testIsZero" classname="numbers.Rational2DiffblueTest" time="0"/>
  <testcase name="testNewRational2" classname="numbers.Rational2DiffblueTest" time="0"/>
  <testcase name="testTimes2" classname="numbers.Rational2DiffblueTest" time="0">
    <skipped message="TODO: Complete this test"/>
  </testcase>
  <testcase name="testTimes3" classname="numbers.Rational2DiffblueTest" time="0"/>
  <testcase name="testDoubleValue" classname="numbers.Rational2DiffblueTest" time="0"/>
</testsuite>