<?xml version="1.0" encoding="UTF-8"?>
<testsuite xmlns:xsi="http://www.w3.org/2001/XMLSchema-instance" xsi:noNamespaceSchemaLocation="https://maven.apache.org/surefire/maven-surefire-plugin/xsd/surefire-test-report.xsd" name="numbers.RationalTest" time="0.12" tests="118" errors="0" skipped="0" failures="0">
  <properties>
[...]
</properties>
  <testcase name="lessThanZeroCurrentValue" classname="numbers.RationalTest" time="0.031"/>
  <testcase name="compareToIntegerLess" classname="numbers.RationalTest" time="0"/>
  <testcase name="plusSumsRationals" classname="numbers.RationalTest" time="0.009"/>
  <testcase name="numeratorLessThanDenominator" classname="numbers.RationalTest" time="0"/>
  <testcase name="equalsReturnsTrueFloat" classname="numbers.RationalTest" time="0"/>
  <testcase name="reciprocalOfRational" classname="numbers.RationalTest" time="0"/>
  <testcase name="isMinusOneZeroValue" classname="numbers.RationalTest" time="0.002"/>
  <testcase name="TwoParamTest" classname="numbers.RationalTest" time="0.001"/>
  <testcase name="compareToRationalEqual" classname="numbers.RationalTest" time="0.002"/>
  <testcase name="intValueNegativeFractionToWholeNumber" classname="numbers.RationalTest" time="0"/>
  <testcase name="compareToLongLess" classname="numbers.RationalTest" time="0"/>
  <testcase name="doubleValueSmallNumerator" classname="numbers.RationalTest" time="0"/>
  <testcase name="compareToIntegerGreater" classname="numbers.RationalTest" time="0"/>
  <testcase name="raisedToThePowerOfZero" classname="numbers.RationalTest" time="0.003"/>
  <testcase name="greaterThanReturnsTrueWithFloat" classname="numbers.RationalTest" time="0.001"/>
  <testcase name="isZeroPositiveNumerator" classname="numbers.RationalTest" time="0"/>
  <testcase name="greaterThanReturnsTrueWhenCurrentIsGreater" classname="numbers.RationalTest" time="0"/>
  <testcase name="isMinusOneCanonicalMinusOneValue" classname="numbers.RationalTest" time="0"/>
  <testcase name="equalsReturnsFalseFloat" classname="numbers.RationalTest" time="0"/>
  <testcase name="doubleValueLargeNumeratorAndDenominator" classname="numbers.RationalTest" time="0.002"/>
  <testcase name="compareToRationalLess" classname="numbers.RationalTest" time="0.001"/>
  <testcase name="greaterThanReturnsFalseWhenCurrentIsNotGreater" classname="numbers.RationalTest" time="0"/>
  <testcase name="greaterThanReturnsFalseForEqualValues" classname="numbers.RationalTest" time="0"/>
  <testcase name="isMinusOneNonCanonicalMinusOneValue" classname="numbers.RationalTest" time="0.001"/>
  <testcase name="intValueLargeNumerator" classname="numbers.RationalTest" time="0"/>
  <testcase name="subtractSameNumbersEqualsZero" classname="numbers.RationalTest" time="0.001"/>
  <testcase name="numeratorGreaterThanDenominator" classname="numbers.RationalTest" time="0.001"/>
  <testcase name="doubleValueIrreducibleFraction" classname="numbers.RationalTest" time="0"/>
  <testcase name="doubleValueNegativeFractionToWholeNumber" classname="numbers.RationalTest" time="0.001"/>
  <testcase name="longValueNegativeTruncatesTowardsZero" classname="numbers.RationalTest" time="0"/>
  <testcase name="lessThanEqualValues" classname="numbers.RationalTest" time="0"/>
  <testcase name="toStringNegativeFraction" classname="numbers.RationalTest" time="0.001"/>
  <testcase name="greaterThanNumberInteger" classname="numbers.RationalTest" time="0"/>
  <testcase name="dividesByZeroRational" classname="numbers.RationalTest" time="0.001"/>
  <testcase name="compareToFloatEqual" classname="numbers.RationalTest" time="0"/>
  <testcase name="negativeNumeratorShouldWorkCorrectly" classname="numbers.RationalTest" time="0"/>
  <testcase name="isZeroZeroValue" classname="numbers.RationalTest" time="0"/>
  <testcase name="oppositeReturnsAdditiveInverseTest" classname="numbers.RationalTest" time="0.001"/>
  <testcase name="intValueNegativeTruncatesTowardsZero" classname="numbers.RationalTest" time="0"/>
  <testcase name="greaterThanZero" classname="numbers.RationalTest" time="0"/>
  <testcase name="longValueNegativeFractionToWholeNumber" classname="numbers.RationalTest" time="0"/>
  <testcase name="doubleValueNegativeFractionToDecimal" classname="numbers.RationalTest" time="0"/>
  <testcase name="lessThanZeroComparedValue" classname="numbers.RationalTest" time="0"/>
  <testcase name="lessThanCurrentValueLessThanR" classname="numbers.RationalTest" time="0"/>
  <testcase name="raisedToThePowerOfPositive" classname="numbers.RationalTest" time="0"/>
  <testcase name="greaterThanNegativeNumber" classname="numbers.RationalTest" time="0"/>
  <testcase name="isZeroNegativeNumerator" classname="numbers.RationalTest" time="0"/>
  <testcase name="floatValueLargeNumerator" classname="numbers.RationalTest" time="0"/>
  <testcase name="bothNegativeShouldBePositive" classname="numbers.RationalTest" time="0.001"/>
  <testcase name="greaterThanNumberDouble" classname="numbers.RationalTest" time="0"/>
  <testcase name="isOneZeroValue" classname="numbers.RationalTest" time="0"/>
  <testcase name="raisedToThePowerOfNegative" classname="numbers.RationalTest" time="0"/>
  <testcase name="addOppositeNumbersEqualsZero" classname="numbers.RationalTest" time="0"/>
  <testcase name="equalsReturnsFalseDouble" classname="numbers.RationalTest" time="0"/>
  <testcase name="greaterThanReturnsFalseWithInteger" classname="numbers.RationalTest" time="0"/>
  <testcase name="addNegativeRationals" classname="numbers.RationalTest" time="0.001"/>
  <testcase name="intValueFractionToWholeNumber" classname="numbers.RationalTest" time="0"/>
  <testcase name="copyConstructorTest" classname="numbers.RationalTest" time="0"/>
  <testcase name="shouldThrowExceptionForZeroDenominator" classname="numbers.RationalTest" time="0.001"/>
  <testcase name="equalsReturnsTrueRational" classname="numbers.RationalTest" time="0.001"/>
  <testcase name="compareToLongGreater" classname="numbers.RationalTest" time="0"/>
  <testcase name="raisedToThePowerOfLargePositivePower" classname="numbers.RationalTest" time="0.003"/>
  <testcase name="dividesByTwoNegativeRationals" classname="numbers.RationalTest" time="0"/>
  <testcase name="dividesByNegativeRational" classname="numbers.RationalTest" time="0"/>
  <testcase name="equalsReturnFalseRational" classname="numbers.RationalTest" time="0"/>
  <testcase name="greaterThanReturnsFalseWithDouble" classname="numbers.RationalTest" time="0"/>
  <testcase name="lessThanCurrentValueGreaterThanR" classname="numbers.RationalTest" time="0"/>
  <testcase name="raisedToThePowerOfRationalToZeroPower" classname="numbers.RationalTest" time="0"/>
  <testcase name="raisedToThePowerOfNegativeRationalToPositivePower" classname="numbers.RationalTest" time="0"/>
  <testcase name="floatValueLargeNumeratorAndDenominator" classname="numbers.RationalTest" time="0.001"/>
  <testcase name="intValueSmallNumerator" classname="numbers.RationalTest" time="0"/>
  <testcase name="compareToDoubleGreater" classname="numbers.RationalTest" time="0"/>
  <testcase name="negativeDenominatorShouldWorkCorrectly" classname="numbers.RationalTest" time="0.001"/>
  <testcase name="doubleValueLargeNumerator" classname="numbers.RationalTest" time="0"/>
  <testcase name="compareToRationalGreater" classname="numbers.RationalTest" time="0"/>
  <testcase name="floatValueIrreducibleFraction" classname="numbers.RationalTest" time="0.001"/>
  <testcase name="isOneCanonicalOneValue" classname="numbers.RationalTest" time="0"/>
  <testcase name="greaterThanReturnsFalse" classname="numbers.RationalTest" time="0"/>
  <testcase name="doubleValueFractionToWholeNumber" classname="numbers.RationalTest" time="0"/>
  <testcase name="oppositeOfNegativeRationalNumber" classname="numbers.RationalTest" time="0"/>
  <testcase name="greaterThanNumberGreaterDouble" classname="numbers.RationalTest" time="0.001"/>
  <testcase name="toStringFraction" classname="numbers.RationalTest" time="0.001"/>
  <testcase name="greaterThanReturnsFalseWithFloat" classname="numbers.RationalTest" time="0"/>
  <testcase name="isOneNonCanonicalOneValue" classname="numbers.RationalTest" time="0"/>
  <testcase name="oppositeOfZero" classname="numbers.RationalTest" time="0"/>
  <testcase name="raisedToThePowerOfLargeNegativePower" classname="numbers.RationalTest" time="0"/>
  <testcase name="compareToDoubleLess" classname="numbers.RationalTest" time="0"/>
  <testcase name="minusTest" classname="numbers.RationalTest" time="0.001"/>
  <testcase name="dividesByTest" classname="numbers.RationalTest" time="0"/>
  <testcase name="doubleValueFractionToDecimal" classname="numbers.RationalTest" time="0"/>
  <testcase name="reciprocalThrowsException" classname="numbers.RationalTest" time="0.001"/>
  <testcase name="floatValueNegativeFractionToWholeNumber" classname="numbers.RationalTest" time="0"/>
  <testcase name="greaterThanNumberSmallerRational" classname="numbers.RationalTest" time="0.001"/>
  <testcase name="longValueFractionToWholeNumber" classname="numbers.RationalTest" time="0"/>
  <testcase name="compareToAnotherNumber" classname="numbers.RationalTest" time="0"/>
  <testcase name="timesMultipliesRationals" classname="numbers.RationalTest" time="0.001"/>
  <testcase name="floatValueFractionToWholeNumber" classname="numbers.RationalTest" time="0"/>
  <testcase name="defaultConstructorShouldCreateZero" classname="numbers.RationalTest" time="0"/>
  <testcase name="floatValueSmallNumerator" classname="numbers.RationalTest" time="0"/>
  <testcase name="greaterThanReturnsTrue" classname="numbers.RationalTest" time="0"/>
  <testcase name="greaterThanReturnsTrueWithDouble" classname="numbers.RationalTest" time="0"/>
  <testcase name="floatValueFractionToDecimal" classname="numbers.RationalTest" time="0.002"/>
  <testcase name="greaterThanReturnsTrueWithInteger" classname="numbers.RationalTest" time="0"/>
  <testcase name="timesByOne" classname="numbers.RationalTest" time="0"/>
  <testcase name="toStringWholeNumber" classname="numbers.RationalTest" time="0.001"/>
  <testcase name="longValueLargeNumerator" classname="numbers.RationalTest" time="0"/>
  <testcase name="timesWithZero" classname="numbers.RationalTest" time="0.001"/>
  <testcase name="numeratorAsSingleParamTest" classname="numbers.RationalTest" time="0.001"/>
  <testcase name="equalsReturnsTrueDouble" classname="numbers.RationalTest" time="0"/>
  <testcase name="longValueTruncatesTowardsZero" classname="numbers.RationalTest" time="0"/>
  <testcase name="resultSimplification" classname="numbers.RationalTest" time="0.001"/>
  <testcase name="subtractAndSimplify" classname="numbers.RationalTest" time="0"/>
  <testcase name="numeratorEqualToDenominator" classname="numbers.RationalTest" time="0"/>
  <testcase name="intValueTruncatesTowardsZero" classname="numbers.RationalTest" time="0"/>
  <testcase name="addZeroHasNoEffect" classname="numbers.RationalTest" time="0"/>
  <testcase name="reciprocalOfRationalNumberLessThanOne" classname="numbers.RationalTest" time="0"/>
  <testcase name="floatValueNegativeFractionToDecimal" classname="numbers.RationalTest" time="0.001"/>
  <testcase name="lessThanBothValuesNegativeAndCurrentValueGreater" classname="numbers.RationalTest" time="0"/>
</testsuite>